<?xml version="1.0" encoding="UTF-8"?>
<!-- Generated by org.testng.reporters.JUnitXMLReporter -->
<testsuite hostname="DESKTOP-8IAVJOG" ignored="1" name="Chrome test" tests="1" failures="0" timestamp="05 Dec 2018 19:03:41 GMT" time="12.404" errors="0">
  <testcase name="testmessage" time="0.0" classname="com.test.grid.SeleniumGridTest"/>
  <testcase name="testTitlePage" time="0.0" classname="com.test.grid.SeleniumGridTest">
    <ignored/>
  </testcase> <!-- testTitlePage -->
</testsuite> <!-- Chrome test -->
