<?xml version="1.0" encoding="UTF-8"?>
<testng-results skipped="0" failed="0" ignored="1" total="2" passed="1">
  <reporter-output>
  </reporter-output>
  <suite name="SeleniumGrid Test Suite" duration-ms="12404" started-at="2018-12-05T19:03:28Z" finished-at="2018-12-05T19:03:40Z">
    <groups>
    </groups>
    <test name="Chrome test" duration-ms="12404" started-at="2018-12-05T19:03:28Z" finished-at="2018-12-05T19:03:40Z">
      <class name="com.test.grid.SeleniumGridTest">
        <test-method status="PASS" signature="initDriver()[pri:0, instance:com.test.grid.SeleniumGridTest@7a46a697]" name="initDriver" is-config="true" duration-ms="12272" started-at="2018-12-05T19:03:28Z" finished-at="2018-12-05T19:03:40Z">
          <reporter-output>
          </reporter-output>
        </test-method> <!-- initDriver -->
        <test-method status="PASS" signature="testmessage()[pri:2, instance:com.test.grid.SeleniumGridTest@7a46a697]" name="testmessage" duration-ms="0" started-at="2018-12-05T19:03:40Z" finished-at="2018-12-05T19:03:40Z">
          <reporter-output>
          </reporter-output>
        </test-method> <!-- testmessage -->
        <test-method status="PASS" signature="tearDown()[pri:0, instance:com.test.grid.SeleniumGridTest@7a46a697]" name="tearDown" is-config="true" duration-ms="96" started-at="2018-12-05T19:03:40Z" finished-at="2018-12-05T19:03:40Z">
          <reporter-output>
          </reporter-output>
        </test-method> <!-- tearDown -->
      </class> <!-- com.test.grid.SeleniumGridTest -->
    </test> <!-- Chrome test -->
  </suite> <!-- SeleniumGrid Test Suite -->
</testng-results>
